Using pre-set license
Built from '2021.3/staging' branch; Version is '2021.3.1f1 (3b70a0754835) revision 3895456'; Using compiler version '192829333'; Build Type 'Release'
OS: 'Windows 11  (10.0.22000) 64bit Core' Language: 'zh' Physical Memory: 16179 MB
BatchMode: 1, IsHumanControllingUs: 0, StartBugReporterOnCrash: 0, Is64bit: 1, IsPro: 1

COMMAND LINE ARGUMENTS:
C:\Program Files\Unity\Hub\Editor\2021.3.1f1\Editor\Unity.exe
-adb2
-batchMode
-noUpm
-name
AssetImportWorker2
-projectPath
D:/Proto/Myprot
-logFile
Logs/AssetImportWorker2.log
-srvPort
64301
Successfully changed project path to: D:/Proto/Myprot
D:/Proto/Myprot
[UnityMemory] Configuration Parameters - Can be set up in boot.config
    "memorysetup-bucket-allocator-granularity=16"
    "memorysetup-bucket-allocator-bucket-count=8"
    "memorysetup-bucket-allocator-block-size=33554432"
    "memorysetup-bucket-allocator-block-count=8"
    "memorysetup-main-allocator-block-size=16777216"
    "memorysetup-thread-allocator-block-size=16777216"
    "memorysetup-gfx-main-allocator-block-size=16777216"
    "memorysetup-gfx-thread-allocator-block-size=16777216"
    "memorysetup-cache-allocator-block-size=4194304"
    "memorysetup-typetree-allocator-block-size=2097152"
    "memorysetup-profiler-bucket-allocator-granularity=16"
    "memorysetup-profiler-bucket-allocator-bucket-count=8"
    "memorysetup-profiler-bucket-allocator-block-size=33554432"
    "memorysetup-profiler-bucket-allocator-block-count=8"
    "memorysetup-profiler-allocator-block-size=16777216"
    "memorysetup-profiler-editor-allocator-block-size=1048576"
    "memorysetup-temp-allocator-size-main=16777216"
    "memorysetup-job-temp-allocator-block-size=2097152"
    "memorysetup-job-temp-allocator-block-size-background=1048576"
    "memorysetup-job-temp-allocator-reduction-small-platforms=262144"
    "memorysetup-temp-allocator-size-background-worker=32768"
    "memorysetup-temp-allocator-size-job-worker=262144"
    "memorysetup-temp-allocator-size-preload-manager=33554432"
    "memorysetup-temp-allocator-size-nav-mesh-worker=65536"
    "memorysetup-temp-allocator-size-audio-worker=65536"
    "memorysetup-temp-allocator-size-cloud-worker=32768"
    "memorysetup-temp-allocator-size-gi-baking-worker=262144"
    "memorysetup-temp-allocator-size-gfx=262144"
Refreshing native plugins compatible for Editor in 92.84 ms, found 3 plugins.
Preloading 0 native plugins for Editor in 0.00 ms.
Initialize engine version: 2021.3.1f1 (3b70a0754835)
[Subsystems] Discovering subsystems at path C:/Program Files/Unity/Hub/Editor/2021.3.1f1/Editor/Data/Resources/UnitySubsystems
[Subsystems] Discovering subsystems at path D:/Proto/Myprot/Assets
GfxDevice: creating device client; threaded=0; jobified=0
Direct3D:
    Version:  Direct3D 11.0 [level 11.1]
    Renderer: NVIDIA GeForce RTX 2070 with Max-Q Design (ID=0x1f10)
    Vendor:   NVIDIA
    VRAM:     8031 MB
    Driver:   30.0.15.1169
Initialize mono
Mono path[0] = 'C:/Program Files/Unity/Hub/Editor/2021.3.1f1/Editor/Data/Managed'
Mono path[1] = 'C:/Program Files/Unity/Hub/Editor/2021.3.1f1/Editor/Data/MonoBleedingEdge/lib/mono/unityjit-win32'
Mono config path = 'C:/Program Files/Unity/Hub/Editor/2021.3.1f1/Editor/Data/MonoBleedingEdge/etc'
Using monoOptions --debugger-agent=transport=dt_socket,embedding=1,server=y,suspend=n,address=127.0.0.1:56484
Begin MonoManager ReloadAssembly
Registering precompiled unity dll's ...
Register platform support module: C:/Program Files/Unity/Hub/Editor/2021.3.1f1/Editor/Data/PlaybackEngines/WebGLSupport/UnityEditor.WebGL.Extensions.dll
Register platform support module: C:/Program Files/Unity/Hub/Editor/2021.3.1f1/Editor/Data/PlaybackEngines/WindowsStandaloneSupport/UnityEditor.WindowsStandalone.Extensions.dll
Registered in 0.005093 seconds.
Native extension for WindowsStandalone target not found
Native extension for WebGL target not found
Refreshing native plugins compatible for Editor in 85.88 ms, found 3 plugins.
Preloading 0 native plugins for Editor in 0.00 ms.
Mono: successfully reloaded assembly
- Completed reload, in  0.757 seconds
Domain Reload Profiling:
	ReloadAssembly (757ms)
		BeginReloadAssembly (78ms)
			ExecutionOrderSort (0ms)
			DisableScriptedObjects (0ms)
			BackupInstance (0ms)
			ReleaseScriptingObjects (0ms)
			CreateAndSetChildDomain (1ms)
		EndReloadAssembly (557ms)
			LoadAssemblies (76ms)
			RebuildTransferFunctionScriptingTraits (0ms)
			SetupTypeCache (160ms)
			ReleaseScriptCaches (0ms)
			RebuildScriptCaches (31ms)
			SetupLoadedEditorAssemblies (314ms)
				LogAssemblyErrors (0ms)
				InitializePlatformSupportModulesInManaged (10ms)
				SetLoadedEditorAssemblies (0ms)
				RefreshPlugins (86ms)
				BeforeProcessingInitializeOnLoad (2ms)
				ProcessInitializeOnLoadAttributes (166ms)
				ProcessInitializeOnLoadMethodAttributes (50ms)
				AfterProcessingInitializeOnLoad (0ms)
				EditorAssembliesLoaded (0ms)
			ExecutionOrderSort2 (0ms)
			AwakeInstancesAfterBackupRestoration (0ms)
Platform modules already initialized, skipping
Registering precompiled user dll's ...
Registered in 0.003091 seconds.
Begin MonoManager ReloadAssembly
Symbol file LoadedFromMemory doesn't match image D:\Proto\Myprot\Library\PackageCache\com.unity.visualscripting@1.7.6\Editor\VisualScripting.Core\Dependencies\YamlDotNet\Unity.VisualScripting.YamlDotNet.dll
Symbol file LoadedFromMemory is not a mono symbol file
Symbol file LoadedFromMemory doesn't match image D:\Proto\Myprot\Library\PackageCache\com.unity.visualscripting@1.7.6\Editor\VisualScripting.Core\Dependencies\DotNetZip\Unity.VisualScripting.IonicZip.dll
Native extension for WindowsStandalone target not found
Native extension for WebGL target not found
Refreshing native plugins compatible for Editor in 0.54 ms, found 3 plugins.
Preloading 0 native plugins for Editor in 0.00 ms.
Mono: successfully reloaded assembly
- Completed reload, in  1.171 seconds
Domain Reload Profiling:
	ReloadAssembly (1171ms)
		BeginReloadAssembly (132ms)
			ExecutionOrderSort (0ms)
			DisableScriptedObjects (9ms)
			BackupInstance (0ms)
			ReleaseScriptingObjects (0ms)
			CreateAndSetChildDomain (28ms)
		EndReloadAssembly (906ms)
			LoadAssemblies (97ms)
			RebuildTransferFunctionScriptingTraits (0ms)
			SetupTypeCache (297ms)
			ReleaseScriptCaches (1ms)
			RebuildScriptCaches (59ms)
			SetupLoadedEditorAssemblies (414ms)
				LogAssemblyErrors (0ms)
				InitializePlatformSupportModulesInManaged (7ms)
				SetLoadedEditorAssemblies (1ms)
				RefreshPlugins (1ms)
				BeforeProcessingInitializeOnLoad (106ms)
				ProcessInitializeOnLoadAttributes (264ms)
				ProcessInitializeOnLoadMethodAttributes (30ms)
				AfterProcessingInitializeOnLoad (6ms)
				EditorAssembliesLoaded (0ms)
			ExecutionOrderSort2 (0ms)
			AwakeInstancesAfterBackupRestoration (7ms)
Platform modules already initialized, skipping
========================================================================
Worker process is ready to serve import requests
Launched and connected shader compiler UnityShaderCompiler.exe after 0.10 seconds
Refreshing native plugins compatible for Editor in 0.52 ms, found 3 plugins.
Preloading 0 native plugins for Editor in 0.00 ms.
Unloading 3225 Unused Serialized files (Serialized files now loaded: 0)
Unloading 23 unused Assets / (112.4 KB). Loaded Objects now: 3685.
Memory consumption went from 112.1 MB to 112.0 MB.
Total: 5.342100 ms (FindLiveObjects: 0.312400 ms CreateObjectMapping: 0.308900 ms MarkObjects: 4.607300 ms  DeleteObjects: 0.112200 ms)

AssetImportParameters requested are different than current active one (requested -> active):
  custom:video-decoder-ogg-theora: a1e56fd34408186e4bbccfd4996cb3dc -> 
  custom:container-muxer-webm: aa71ff27fc2769a1b78a27578f13a17b -> 
  custom:container-demuxer-webm: 4f35f7cbe854078d1ac9338744f61a02 -> 
  custom:video-encoder-webm-vp8: eb34c28f22e8b96e1ab97ce403110664 -> 
  custom:video-codec-MediaFoundation-h265: 746d11721c4dcdbdad8f713fa42b33f4 -> 
  custom:audio-encoder-webm-vorbis: bf7c407c2cedff20999df2af8eb42d56 -> 
  custom:framework-win-MediaFoundation: 216162199b28c13a410421893ffa2e32 -> 
  custom:container-demuxer-ogg: 62fdf1f143b41e24485cea50d1cbac27 -> 
  custom:video-decoder-webm-vp8: 9c59270c3fd7afecdb556c50c9e8de78 -> 
  custom:audio-decoder-ogg-vorbis: bf7c407c2cedff20999df2af8eb42d56 -> 
========================================================================
Received Import Request.
  Time since last request: 344517.686350 seconds.
  path: Assets/TreeCollection/danpungMix.prefab
  artifactKey: Guid(a35a81abab8c1407aab4e2a95c6be17b) Importer(815301076,1909f56bfc062723c751e8b465ee728b)
Start importing Assets/TreeCollection/danpungMix.prefab using Guid(a35a81abab8c1407aab4e2a95c6be17b) Importer(815301076,1909f56bfc062723c751e8b465ee728b)  -> (artifact id: 'cb27d29fbb3b9a1aded33a4dae841ecf') in 0.973262 seconds 
========================================================================
Received Import Request.
  Time since last request: 0.000044 seconds.
  path: Assets/TreeCollection/danpungFall.prefab
  artifactKey: Guid(26e8c3d2c3f1948d5ab76ec294be96c2) Importer(815301076,1909f56bfc062723c751e8b465ee728b)
Start importing Assets/TreeCollection/danpungFall.prefab using Guid(26e8c3d2c3f1948d5ab76ec294be96c2) Importer(815301076,1909f56bfc062723c751e8b465ee728b)  -> (artifact id: '8f74765c0f80c93d3e5a792881aa9017') in 0.057432 seconds 
========================================================================
Received Import Request.
  Time since last request: 0.000097 seconds.
  path: Assets/TreeCollection/goosang.prefab
  artifactKey: Guid(29cb269093d25433aa94602dc7af0e47) Importer(815301076,1909f56bfc062723c751e8b465ee728b)
Start importing Assets/TreeCollection/goosang.prefab using Guid(29cb269093d25433aa94602dc7af0e47) Importer(815301076,1909f56bfc062723c751e8b465ee728b)  -> (artifact id: 'a8857024886ec435ac7eb195559b7afe') in 0.073605 seconds 
========================================================================
Received Import Request.
  Time since last request: 0.000022 seconds.
  path: Assets/TreeCollection/danpungSummer.prefab
  artifactKey: Guid(9b81aa327b98d4061aaecf009ae9bffb) Importer(815301076,1909f56bfc062723c751e8b465ee728b)
Start importing Assets/TreeCollection/danpungSummer.prefab using Guid(9b81aa327b98d4061aaecf009ae9bffb) Importer(815301076,1909f56bfc062723c751e8b465ee728b)  -> (artifact id: 'cd838d90e781e48f4abf5753b929f5ae') in 0.045940 seconds 
========================================================================
Received Import Request.
  Time since last request: 0.000028 seconds.
  path: Assets/TreeCollection/mogwua.prefab
  artifactKey: Guid(3f28c1f773db94600ae28653f34ec0f3) Importer(815301076,1909f56bfc062723c751e8b465ee728b)
Start importing Assets/TreeCollection/mogwua.prefab using Guid(3f28c1f773db94600ae28653f34ec0f3) Importer(815301076,1909f56bfc062723c751e8b465ee728b)  -> (artifact id: '8433aee6d6154893ca7083b471ee553d') in 0.042136 seconds 
========================================================================
Received Import Request.
  Time since last request: 162.788996 seconds.
  path: Assets
  artifactKey: Guid(00000000000000001000000000000000) Importer(815301076,1909f56bfc062723c751e8b465ee728b)
Start importing Assets using Guid(00000000000000001000000000000000) Importer(815301076,1909f56bfc062723c751e8b465ee728b)  -> (artifact id: '79842766b460edbeab6a34051e857a80') in 0.004545 seconds 
========================================================================
Received Import Request.
  Time since last request: 4.747817 seconds.
  path: Assets/Scenes
  artifactKey: Guid(6ea315d0fd7389c41b19996891e99ae3) Importer(815301076,1909f56bfc062723c751e8b465ee728b)
Start importing Assets/Scenes using Guid(6ea315d0fd7389c41b19996891e99ae3) Importer(815301076,1909f56bfc062723c751e8b465ee728b)  -> (artifact id: 'b8193726cff86800c54781cdc6d54904') in 0.004330 seconds 
========================================================================
Received Import Request.
  Time since last request: 7.770784 seconds.
  path: Assets/Scenes/New Material.mat
  artifactKey: Guid(1680c0690caf80540bd257bd15b5a889) Importer(815301076,1909f56bfc062723c751e8b465ee728b)
Start importing Assets/Scenes/New Material.mat using Guid(1680c0690caf80540bd257bd15b5a889) Importer(815301076,1909f56bfc062723c751e8b465ee728b)  -> (artifact id: '0e402cf7eddb0b778ae9de129c92bf03') in 0.029167 seconds 
========================================================================
Received Import Request.
  Time since last request: 1317.592761 seconds.
  path: Assets/TreeCollection/beutTree.prefab
  artifactKey: Guid(f4abf5718c7fd44d784ded2f7da5b09d) Importer(815301076,1909f56bfc062723c751e8b465ee728b)
Start importing Assets/TreeCollection/beutTree.prefab using Guid(f4abf5718c7fd44d784ded2f7da5b09d) Importer(815301076,1909f56bfc062723c751e8b465ee728b)  -> (artifact id: 'd3be7022cf13802aea2fa3f351d95d21') in 0.049239 seconds 
========================================================================
Received Import Request.
  Time since last request: 29.894599 seconds.
  path: Assets/TreeCollection/danpungFall.prefab
  artifactKey: Guid(26e8c3d2c3f1948d5ab76ec294be96c2) Importer(815301076,1909f56bfc062723c751e8b465ee728b)
Start importing Assets/TreeCollection/danpungFall.prefab using Guid(26e8c3d2c3f1948d5ab76ec294be96c2) Importer(815301076,1909f56bfc062723c751e8b465ee728b)  -> (artifact id: '0262237a97f55821b5c12211b0b801ac') in 0.067187 seconds 
========================================================================
Received Import Request.
  Time since last request: 1.747824 seconds.
  path: Assets/TreeCollection/danpungMix.prefab
  artifactKey: Guid(a35a81abab8c1407aab4e2a95c6be17b) Importer(815301076,1909f56bfc062723c751e8b465ee728b)
Start importing Assets/TreeCollection/danpungMix.prefab using Guid(a35a81abab8c1407aab4e2a95c6be17b) Importer(815301076,1909f56bfc062723c751e8b465ee728b)  -> (artifact id: '942bd41aae280fd45c77fc6b723ec5e8') in 0.030768 seconds 
========================================================================
Received Import Request.
  Time since last request: 2.016497 seconds.
  path: Assets/TreeCollection/danpungSummer.prefab
  artifactKey: Guid(9b81aa327b98d4061aaecf009ae9bffb) Importer(815301076,1909f56bfc062723c751e8b465ee728b)
Start importing Assets/TreeCollection/danpungSummer.prefab using Guid(9b81aa327b98d4061aaecf009ae9bffb) Importer(815301076,1909f56bfc062723c751e8b465ee728b)  -> (artifact id: 'b438afcffc2f79bbac03402cf3bad537') in 0.038305 seconds 
========================================================================
Received Import Request.
  Time since last request: 4.289899 seconds.
  path: Assets/TreeCollection/goosang.prefab
  artifactKey: Guid(29cb269093d25433aa94602dc7af0e47) Importer(815301076,1909f56bfc062723c751e8b465ee728b)
Start importing Assets/TreeCollection/goosang.prefab using Guid(29cb269093d25433aa94602dc7af0e47) Importer(815301076,1909f56bfc062723c751e8b465ee728b)  -> (artifact id: '7260104fbf7c66c09591870c5439b905') in 0.063021 seconds 
========================================================================
Received Import Request.
  Time since last request: 1.336226 seconds.
  path: Assets/TreeCollection/jajak.prefab
  artifactKey: Guid(53c3f29d90f2b4619b9d3b343aebd936) Importer(815301076,1909f56bfc062723c751e8b465ee728b)
Start importing Assets/TreeCollection/jajak.prefab using Guid(53c3f29d90f2b4619b9d3b343aebd936) Importer(815301076,1909f56bfc062723c751e8b465ee728b)  -> (artifact id: '21ae445593f11286dc270f5c79e82be7') in 0.043455 seconds 
========================================================================
Received Import Request.
  Time since last request: 1.912509 seconds.
  path: Assets/TreeCollection/jumok.prefab
  artifactKey: Guid(192b7af7b1df147afaf4c700b75e0fa9) Importer(815301076,1909f56bfc062723c751e8b465ee728b)
Start importing Assets/TreeCollection/jumok.prefab using Guid(192b7af7b1df147afaf4c700b75e0fa9) Importer(815301076,1909f56bfc062723c751e8b465ee728b)  -> (artifact id: '0d3d7d9a0802c0c6f292912ed8e1ccc9') in 0.067173 seconds 
========================================================================
Received Import Request.
  Time since last request: 1.265725 seconds.
  path: Assets/TreeCollection/mogwua.prefab
  artifactKey: Guid(3f28c1f773db94600ae28653f34ec0f3) Importer(815301076,1909f56bfc062723c751e8b465ee728b)
Start importing Assets/TreeCollection/mogwua.prefab using Guid(3f28c1f773db94600ae28653f34ec0f3) Importer(815301076,1909f56bfc062723c751e8b465ee728b)  -> (artifact id: '8760cfab1238d411d700e8e931866c39') in 0.067425 seconds 
========================================================================
Received Import Request.
  Time since last request: 4.272405 seconds.
  path: Assets/TreeCollection/baerong.prefab
  artifactKey: Guid(11c4f2141d6c7457db90529b40975aff) Importer(815301076,1909f56bfc062723c751e8b465ee728b)
Start importing Assets/TreeCollection/baerong.prefab using Guid(11c4f2141d6c7457db90529b40975aff) Importer(815301076,1909f56bfc062723c751e8b465ee728b)  -> (artifact id: 'ee3802af930b87188357000b39cfa967') in 0.073747 seconds 
========================================================================
Received Import Request.
  Time since last request: 28.627563 seconds.
  path: Assets/TreeCollection/baerong.prefab
  artifactKey: Guid(11c4f2141d6c7457db90529b40975aff) Importer(815301076,1909f56bfc062723c751e8b465ee728b)
Start importing Assets/TreeCollection/baerong.prefab using Guid(11c4f2141d6c7457db90529b40975aff) Importer(815301076,1909f56bfc062723c751e8b465ee728b)  -> (artifact id: '63b1caadd471e89c86e187a00181f391') in 0.042385 seconds 
========================================================================
Received Import Request.
  Time since last request: 0.000044 seconds.
  path: Assets/TreeCollection/danpungMix.prefab
  artifactKey: Guid(a35a81abab8c1407aab4e2a95c6be17b) Importer(815301076,1909f56bfc062723c751e8b465ee728b)
Start importing Assets/TreeCollection/danpungMix.prefab using Guid(a35a81abab8c1407aab4e2a95c6be17b) Importer(815301076,1909f56bfc062723c751e8b465ee728b)  -> (artifact id: 'bed9eb62ecfedb0e9474d80ffcbe8456') in 0.040587 seconds 
========================================================================
Received Import Request.
  Time since last request: 0.000036 seconds.
  path: Assets/TreeCollection/jumok.prefab
  artifactKey: Guid(192b7af7b1df147afaf4c700b75e0fa9) Importer(815301076,1909f56bfc062723c751e8b465ee728b)
Start importing Assets/TreeCollection/jumok.prefab using Guid(192b7af7b1df147afaf4c700b75e0fa9) Importer(815301076,1909f56bfc062723c751e8b465ee728b)  -> (artifact id: '182ef39b4627cac93bec162976a805b5') in 0.047091 seconds 
========================================================================
Received Import Request.
  Time since last request: 0.000030 seconds.
  path: Assets/TreeCollection/sansuyou.prefab
  artifactKey: Guid(7a7f4e9772000431bb018f81a5f25e86) Importer(815301076,1909f56bfc062723c751e8b465ee728b)
Start importing Assets/TreeCollection/sansuyou.prefab using Guid(7a7f4e9772000431bb018f81a5f25e86) Importer(815301076,1909f56bfc062723c751e8b465ee728b)  -> (artifact id: 'fd430323ead992dffc1ecb95f7eae910') in 0.039226 seconds 
========================================================================
Received Import Request.
  Time since last request: 0.000028 seconds.
  path: Assets/TreeCollection/goosang.prefab
  artifactKey: Guid(29cb269093d25433aa94602dc7af0e47) Importer(815301076,1909f56bfc062723c751e8b465ee728b)
Start importing Assets/TreeCollection/goosang.prefab using Guid(29cb269093d25433aa94602dc7af0e47) Importer(815301076,1909f56bfc062723c751e8b465ee728b)  -> (artifact id: 'ea552be7b5ea3c6c45ebe2899cbf6930') in 0.044136 seconds 
========================================================================
Received Import Request.
  Time since last request: 0.000024 seconds.
  path: Assets/TreeCollection/danpungSummer.prefab
  artifactKey: Guid(9b81aa327b98d4061aaecf009ae9bffb) Importer(815301076,1909f56bfc062723c751e8b465ee728b)
Start importing Assets/TreeCollection/danpungSummer.prefab using Guid(9b81aa327b98d4061aaecf009ae9bffb) Importer(815301076,1909f56bfc062723c751e8b465ee728b)  -> (artifact id: 'b4e67ef411ad16050ba4ecdcc60dcc81') in 0.032048 seconds 
========================================================================
Received Import Request.
  Time since last request: 0.000025 seconds.
  path: Assets/TreeCollection/daenamoo.prefab
  artifactKey: Guid(27fe389736c6443b5929c94be4fb2548) Importer(815301076,1909f56bfc062723c751e8b465ee728b)
Start importing Assets/TreeCollection/daenamoo.prefab using Guid(27fe389736c6443b5929c94be4fb2548) Importer(815301076,1909f56bfc062723c751e8b465ee728b)  -> (artifact id: 'f61ad25d56f39d5c09f4293c0314f21b') in 0.033954 seconds 
========================================================================
Received Import Request.
  Time since last request: 0.000021 seconds.
  path: Assets/TreeCollection/mogwua.prefab
  artifactKey: Guid(3f28c1f773db94600ae28653f34ec0f3) Importer(815301076,1909f56bfc062723c751e8b465ee728b)
Start importing Assets/TreeCollection/mogwua.prefab using Guid(3f28c1f773db94600ae28653f34ec0f3) Importer(815301076,1909f56bfc062723c751e8b465ee728b)  -> (artifact id: 'c5d7faffa38df59dee411eb34b482493') in 0.037652 seconds 
========================================================================
Received Import Request.
  Time since last request: 35.748123 seconds.
  path: Assets/TreeCollection/beutTree.prefab
  artifactKey: Guid(f4abf5718c7fd44d784ded2f7da5b09d) Importer(815301076,1909f56bfc062723c751e8b465ee728b)
Start importing Assets/TreeCollection/beutTree.prefab using Guid(f4abf5718c7fd44d784ded2f7da5b09d) Importer(815301076,1909f56bfc062723c751e8b465ee728b)  -> (artifact id: 'f65537ebbc2d85ca71e15ed104b3eba5') in 0.033631 seconds 
========================================================================
Received Import Request.
  Time since last request: 100.987496 seconds.
  path: Assets/TreeCollection/neuti.prefab
  artifactKey: Guid(8af338a4ca6d946368f9d4f3fa1e2373) Importer(815301076,1909f56bfc062723c751e8b465ee728b)
Start importing Assets/TreeCollection/neuti.prefab using Guid(8af338a4ca6d946368f9d4f3fa1e2373) Importer(815301076,1909f56bfc062723c751e8b465ee728b)  -> (artifact id: '16d9acc06556f17036822d877bdf12c6') in 0.052589 seconds 
========================================================================
Received Import Request.
  Time since last request: 155.974378 seconds.
  path: Assets/TreeCollection/neuti.prefab
  artifactKey: Guid(8af338a4ca6d946368f9d4f3fa1e2373) Importer(815301076,1909f56bfc062723c751e8b465ee728b)
Start importing Assets/TreeCollection/neuti.prefab using Guid(8af338a4ca6d946368f9d4f3fa1e2373) Importer(815301076,1909f56bfc062723c751e8b465ee728b)  -> (artifact id: '976c77cd34764a1f029df4d241bf6c8b') in 0.039448 seconds 
========================================================================
Received Import Request.
  Time since last request: 3490.778646 seconds.
  path: Assets/Scenes/New Material.mat
  artifactKey: Guid(1680c0690caf80540bd257bd15b5a889) Importer(815301076,1909f56bfc062723c751e8b465ee728b)
Start importing Assets/Scenes/New Material.mat using Guid(1680c0690caf80540bd257bd15b5a889) Importer(815301076,1909f56bfc062723c751e8b465ee728b)  -> (artifact id: '23ce8d82bdf332168457222113d2e451') in 0.020109 seconds 
========================================================================
Received Import Request.
  Time since last request: 1.337443 seconds.
  path: Assets/Scenes/pOuWkHPZXN_small.jpg
  artifactKey: Guid(ee59eb1c1000e3a48ae02320d966a2d5) Importer(815301076,1909f56bfc062723c751e8b465ee728b)
Start importing Assets/Scenes/pOuWkHPZXN_small.jpg using Guid(ee59eb1c1000e3a48ae02320d966a2d5) Importer(815301076,1909f56bfc062723c751e8b465ee728b)  -> (artifact id: 'a953cc27a3fb8cf6f5cde288772851d5') in 0.037751 seconds 
