Using pre-set license
Built from '2021.3/staging' branch; Version is '2021.3.1f1 (3b70a0754835) revision 3895456'; Using compiler version '192829333'; Build Type 'Release'
OS: 'Windows 11  (10.0.22000) 64bit Core' Language: 'zh' Physical Memory: 16179 MB
BatchMode: 1, IsHumanControllingUs: 0, StartBugReporterOnCrash: 0, Is64bit: 1, IsPro: 1

COMMAND LINE ARGUMENTS:
C:\Program Files\Unity\Hub\Editor\2021.3.1f1\Editor\Unity.exe
-adb2
-batchMode
-noUpm
-name
AssetImportWorker0
-projectPath
D:/Proto/Myprot
-logFile
Logs/AssetImportWorker0.log
-srvPort
57920
Successfully changed project path to: D:/Proto/Myprot
D:/Proto/Myprot
[UnityMemory] Configuration Parameters - Can be set up in boot.config
    "memorysetup-bucket-allocator-granularity=16"
    "memorysetup-bucket-allocator-bucket-count=8"
    "memorysetup-bucket-allocator-block-size=33554432"
    "memorysetup-bucket-allocator-block-count=8"
    "memorysetup-main-allocator-block-size=16777216"
    "memorysetup-thread-allocator-block-size=16777216"
    "memorysetup-gfx-main-allocator-block-size=16777216"
    "memorysetup-gfx-thread-allocator-block-size=16777216"
    "memorysetup-cache-allocator-block-size=4194304"
    "memorysetup-typetree-allocator-block-size=2097152"
    "memorysetup-profiler-bucket-allocator-granularity=16"
    "memorysetup-profiler-bucket-allocator-bucket-count=8"
    "memorysetup-profiler-bucket-allocator-block-size=33554432"
    "memorysetup-profiler-bucket-allocator-block-count=8"
    "memorysetup-profiler-allocator-block-size=16777216"
    "memorysetup-profiler-editor-allocator-block-size=1048576"
    "memorysetup-temp-allocator-size-main=16777216"
    "memorysetup-job-temp-allocator-block-size=2097152"
    "memorysetup-job-temp-allocator-block-size-background=1048576"
    "memorysetup-job-temp-allocator-reduction-small-platforms=262144"
    "memorysetup-temp-allocator-size-background-worker=32768"
    "memorysetup-temp-allocator-size-job-worker=262144"
    "memorysetup-temp-allocator-size-preload-manager=33554432"
    "memorysetup-temp-allocator-size-nav-mesh-worker=65536"
    "memorysetup-temp-allocator-size-audio-worker=65536"
    "memorysetup-temp-allocator-size-cloud-worker=32768"
    "memorysetup-temp-allocator-size-gi-baking-worker=262144"
    "memorysetup-temp-allocator-size-gfx=262144"
Refreshing native plugins compatible for Editor in 81.11 ms, found 3 plugins.
Preloading 0 native plugins for Editor in 0.00 ms.
Initialize engine version: 2021.3.1f1 (3b70a0754835)
[Subsystems] Discovering subsystems at path C:/Program Files/Unity/Hub/Editor/2021.3.1f1/Editor/Data/Resources/UnitySubsystems
[Subsystems] Discovering subsystems at path D:/Proto/Myprot/Assets
GfxDevice: creating device client; threaded=0; jobified=0
Direct3D:
    Version:  Direct3D 11.0 [level 11.1]
    Renderer: NVIDIA GeForce RTX 2070 with Max-Q Design (ID=0x1f10)
    Vendor:   NVIDIA
    VRAM:     8031 MB
    Driver:   30.0.15.1169
Initialize mono
Mono path[0] = 'C:/Program Files/Unity/Hub/Editor/2021.3.1f1/Editor/Data/Managed'
Mono path[1] = 'C:/Program Files/Unity/Hub/Editor/2021.3.1f1/Editor/Data/MonoBleedingEdge/lib/mono/unityjit-win32'
Mono config path = 'C:/Program Files/Unity/Hub/Editor/2021.3.1f1/Editor/Data/MonoBleedingEdge/etc'
Using monoOptions --debugger-agent=transport=dt_socket,embedding=1,server=y,suspend=n,address=127.0.0.1:56524
Begin MonoManager ReloadAssembly
Registering precompiled unity dll's ...
Register platform support module: C:/Program Files/Unity/Hub/Editor/2021.3.1f1/Editor/Data/PlaybackEngines/WebGLSupport/UnityEditor.WebGL.Extensions.dll
Register platform support module: C:/Program Files/Unity/Hub/Editor/2021.3.1f1/Editor/Data/PlaybackEngines/WindowsStandaloneSupport/UnityEditor.WindowsStandalone.Extensions.dll
Registered in 0.005606 seconds.
Native extension for WindowsStandalone target not found
Native extension for WebGL target not found
Refreshing native plugins compatible for Editor in 96.29 ms, found 3 plugins.
Preloading 0 native plugins for Editor in 0.00 ms.
Mono: successfully reloaded assembly
- Completed reload, in  0.753 seconds
Domain Reload Profiling:
	ReloadAssembly (754ms)
		BeginReloadAssembly (75ms)
			ExecutionOrderSort (0ms)
			DisableScriptedObjects (0ms)
			BackupInstance (0ms)
			ReleaseScriptingObjects (0ms)
			CreateAndSetChildDomain (1ms)
		EndReloadAssembly (555ms)
			LoadAssemblies (73ms)
			RebuildTransferFunctionScriptingTraits (0ms)
			SetupTypeCache (130ms)
			ReleaseScriptCaches (0ms)
			RebuildScriptCaches (36ms)
			SetupLoadedEditorAssemblies (329ms)
				LogAssemblyErrors (0ms)
				InitializePlatformSupportModulesInManaged (9ms)
				SetLoadedEditorAssemblies (0ms)
				RefreshPlugins (96ms)
				BeforeProcessingInitializeOnLoad (1ms)
				ProcessInitializeOnLoadAttributes (167ms)
				ProcessInitializeOnLoadMethodAttributes (55ms)
				AfterProcessingInitializeOnLoad (0ms)
				EditorAssembliesLoaded (0ms)
			ExecutionOrderSort2 (0ms)
			AwakeInstancesAfterBackupRestoration (0ms)
Platform modules already initialized, skipping
Registering precompiled user dll's ...
Registered in 0.003415 seconds.
Begin MonoManager ReloadAssembly
Symbol file LoadedFromMemory doesn't match image D:\Proto\Myprot\Library\PackageCache\com.unity.visualscripting@1.7.6\Editor\VisualScripting.Core\Dependencies\YamlDotNet\Unity.VisualScripting.YamlDotNet.dll
Symbol file LoadedFromMemory is not a mono symbol file
Symbol file LoadedFromMemory doesn't match image D:\Proto\Myprot\Library\PackageCache\com.unity.visualscripting@1.7.6\Editor\VisualScripting.Core\Dependencies\DotNetZip\Unity.VisualScripting.IonicZip.dll
Native extension for WindowsStandalone target not found
Native extension for WebGL target not found
Refreshing native plugins compatible for Editor in 0.55 ms, found 3 plugins.
Preloading 0 native plugins for Editor in 0.00 ms.
Mono: successfully reloaded assembly
- Completed reload, in  1.395 seconds
Domain Reload Profiling:
	ReloadAssembly (1397ms)
		BeginReloadAssembly (160ms)
			ExecutionOrderSort (0ms)
			DisableScriptedObjects (10ms)
			BackupInstance (0ms)
			ReleaseScriptingObjects (0ms)
			CreateAndSetChildDomain (26ms)
		EndReloadAssembly (1084ms)
			LoadAssemblies (116ms)
			RebuildTransferFunctionScriptingTraits (0ms)
			SetupTypeCache (338ms)
			ReleaseScriptCaches (1ms)
			RebuildScriptCaches (68ms)
			SetupLoadedEditorAssemblies (503ms)
				LogAssemblyErrors (0ms)
				InitializePlatformSupportModulesInManaged (8ms)
				SetLoadedEditorAssemblies (1ms)
				RefreshPlugins (1ms)
				BeforeProcessingInitializeOnLoad (93ms)
				ProcessInitializeOnLoadAttributes (328ms)
				ProcessInitializeOnLoadMethodAttributes (59ms)
				AfterProcessingInitializeOnLoad (15ms)
				EditorAssembliesLoaded (0ms)
			ExecutionOrderSort2 (0ms)
			AwakeInstancesAfterBackupRestoration (16ms)
Platform modules already initialized, skipping
========================================================================
Worker process is ready to serve import requests
Launched and connected shader compiler UnityShaderCompiler.exe after 0.23 seconds
Refreshing native plugins compatible for Editor in 1.23 ms, found 3 plugins.
Preloading 0 native plugins for Editor in 0.00 ms.
Unloading 3231 Unused Serialized files (Serialized files now loaded: 0)
Unloading 23 unused Assets / (112.6 KB). Loaded Objects now: 3696.
Memory consumption went from 113.7 MB to 113.6 MB.
Total: 7.530300 ms (FindLiveObjects: 0.724200 ms CreateObjectMapping: 0.577900 ms MarkObjects: 5.996700 ms  DeleteObjects: 0.227600 ms)

AssetImportParameters requested are different than current active one (requested -> active):
  custom:video-decoder-ogg-theora: a1e56fd34408186e4bbccfd4996cb3dc -> 
  custom:container-muxer-webm: aa71ff27fc2769a1b78a27578f13a17b -> 
  custom:container-demuxer-webm: 4f35f7cbe854078d1ac9338744f61a02 -> 
  custom:video-encoder-webm-vp8: eb34c28f22e8b96e1ab97ce403110664 -> 
  custom:video-codec-MediaFoundation-h265: 746d11721c4dcdbdad8f713fa42b33f4 -> 
  custom:audio-encoder-webm-vorbis: bf7c407c2cedff20999df2af8eb42d56 -> 
  custom:framework-win-MediaFoundation: 216162199b28c13a410421893ffa2e32 -> 
  custom:container-demuxer-ogg: 62fdf1f143b41e24485cea50d1cbac27 -> 
  custom:video-decoder-webm-vp8: 9c59270c3fd7afecdb556c50c9e8de78 -> 
  custom:audio-decoder-ogg-vorbis: bf7c407c2cedff20999df2af8eb42d56 -> 
========================================================================
Received Import Request.
  Time since last request: 58237.586464 seconds.
  path: Assets/Supercyan Character Pack Animal People Sample/Prefabs/WithAccessoryLogic/High Quality/animal_people_backpack_1_freeSample_onWear_WithAccessoryLogic.prefab
  artifactKey: Guid(dc0059cf62a0340438b36bdfb3ec4154) Importer(815301076,1909f56bfc062723c751e8b465ee728b)
Start importing Assets/Supercyan Character Pack Animal People Sample/Prefabs/WithAccessoryLogic/High Quality/animal_people_backpack_1_freeSample_onWear_WithAccessoryLogic.prefab using Guid(dc0059cf62a0340438b36bdfb3ec4154) Importer(815301076,1909f56bfc062723c751e8b465ee728b)  -> (artifact id: '28ca34cc4b602bfb04551a931fa2e82f') in 0.553934 seconds 
========================================================================
Received Import Request.
  Time since last request: 0.000044 seconds.
  path: Assets/Supercyan Character Pack Animal People Sample/Prefabs/Base/High Quality
  artifactKey: Guid(7574f6f9abe3a62489012257f5ef765b) Importer(815301076,1909f56bfc062723c751e8b465ee728b)
Start importing Assets/Supercyan Character Pack Animal People Sample/Prefabs/Base/High Quality using Guid(7574f6f9abe3a62489012257f5ef765b) Importer(815301076,1909f56bfc062723c751e8b465ee728b)  -> (artifact id: 'f054f91de52120424adc65e6e3e2d7e8') in 0.007951 seconds 
========================================================================
Received Import Request.
  Time since last request: 0.000053 seconds.
  path: Assets/Supercyan Character Pack Animal People Sample/Prefabs/Base/High Quality/animal_people_wolf_1.prefab
  artifactKey: Guid(b3d22c566a40cfe45bfc575a822257f4) Importer(815301076,1909f56bfc062723c751e8b465ee728b)
Start importing Assets/Supercyan Character Pack Animal People Sample/Prefabs/Base/High Quality/animal_people_wolf_1.prefab using Guid(b3d22c566a40cfe45bfc575a822257f4) Importer(815301076,1909f56bfc062723c751e8b465ee728b)  -> (artifact id: 'ef101cb111501ad81400dd231db62c5c') in 0.077765 seconds 
========================================================================
Received Import Request.
  Time since last request: 0.000025 seconds.
  path: Assets/Supercyan Character Pack Animal People Sample/Prefabs/Base/High Quality/animal_people_beanie_wolf_1_onGround.prefab
  artifactKey: Guid(d43967593543b5a42bbf60e146338aec) Importer(815301076,1909f56bfc062723c751e8b465ee728b)
Start importing Assets/Supercyan Character Pack Animal People Sample/Prefabs/Base/High Quality/animal_people_beanie_wolf_1_onGround.prefab using Guid(d43967593543b5a42bbf60e146338aec) Importer(815301076,1909f56bfc062723c751e8b465ee728b)  -> (artifact id: '46b1a39352508a504eebe0457879dd03') in 0.035076 seconds 
========================================================================
Received Import Request.
  Time since last request: 13.732372 seconds.
  path: Assets/Supercyan Character Pack Animal People Sample/Prefabs/Base/Mobile/Mobile_animal_people_backpack_1_freeSample_onWear.prefab
  artifactKey: Guid(c461fbd14dda40647ac1a81d1f8c84b0) Importer(815301076,1909f56bfc062723c751e8b465ee728b)
Start importing Assets/Supercyan Character Pack Animal People Sample/Prefabs/Base/Mobile/Mobile_animal_people_backpack_1_freeSample_onWear.prefab using Guid(c461fbd14dda40647ac1a81d1f8c84b0) Importer(815301076,1909f56bfc062723c751e8b465ee728b)  -> (artifact id: '189511866fc056eba5d3bea473d02954') in 0.104476 seconds 
========================================================================
Received Import Request.
  Time since last request: 0.000026 seconds.
  path: Assets/Supercyan Character Pack Animal People Sample/Prefabs/Base/Mobile/Mobile_animal_people_wolf_1.prefab
  artifactKey: Guid(d5b4b9e82e6e45e4283c6435e743b647) Importer(815301076,1909f56bfc062723c751e8b465ee728b)
Start importing Assets/Supercyan Character Pack Animal People Sample/Prefabs/Base/Mobile/Mobile_animal_people_wolf_1.prefab using Guid(d5b4b9e82e6e45e4283c6435e743b647) Importer(815301076,1909f56bfc062723c751e8b465ee728b)  -> (artifact id: 'b832f35ae19c602122d1f57be0a307e1') in 0.096796 seconds 
========================================================================
Received Import Request.
  Time since last request: 6.795583 seconds.
  path: Assets/Supercyan Character Pack Animal People Sample/Prefabs/WithAccessoryLogic/Mobile/Mobile_animal_people_beanie_wolf_1_onWear_WithAccessoryLogic.prefab
  artifactKey: Guid(0a90f1e0f0c96c5419868a0f4c4c7e17) Importer(815301076,1909f56bfc062723c751e8b465ee728b)
Start importing Assets/Supercyan Character Pack Animal People Sample/Prefabs/WithAccessoryLogic/Mobile/Mobile_animal_people_beanie_wolf_1_onWear_WithAccessoryLogic.prefab using Guid(0a90f1e0f0c96c5419868a0f4c4c7e17) Importer(815301076,1909f56bfc062723c751e8b465ee728b)  -> (artifact id: '17580967038cbf24ee054751377447c4') in 0.039568 seconds 
========================================================================
Received Import Request.
  Time since last request: 3.825980 seconds.
  path: Assets/Supercyan Character Pack Animal People Sample/Models/animal_people_backpack_1_freeSample_onWear.fbx
  artifactKey: Guid(3aaccd48457982d4cbd5f6648f9b1e99) Importer(815301076,1909f56bfc062723c751e8b465ee728b)
Start importing Assets/Supercyan Character Pack Animal People Sample/Models/animal_people_backpack_1_freeSample_onWear.fbx using Guid(3aaccd48457982d4cbd5f6648f9b1e99) Importer(815301076,1909f56bfc062723c751e8b465ee728b)  -> (artifact id: 'aa62935d52bdb1fc96b6f145bfda45d7') in 0.068291 seconds 
Editor requested this worker to shutdown with reason: Scaling down because of idle timeout
AssetImportWorker is now disconnected from the server
Process exiting
Exiting without the bug reporter. Application will terminate with return code 0